# JRE version: Java(TM) SE Runtime Environment (7.0_45-b18) (build 1.7.0_45-b18)
# Java VM: Java HotSpot(TM) Client VM (24.45-b08 mixed mode windows-x86 )
Heap
 def new generation   total 4928K, used 1301K [0x03bd0000, 0x04120000, 0x09120000)
  eden space 4416K,  29% used [0x03bd0000, 0x03d12248, 0x04020000)
  from space 512K,   2% used [0x040a0000, 0x040a31c0, 0x04120000)
  to   space 512K,   0% used [0x04020000, 0x04020000, 0x040a0000)
 tenured generation   total 10944K, used 545K [0x09120000, 0x09bd0000, 0x13bd0000)
   the space 10944K,   4% used [0x09120000, 0x091a8670, 0x091a8800, 0x09bd0000)
 compacting perm gen  total 12288K, used 1723K [0x13bd0000, 0x147d0000, 0x17bd0000)
   the space 12288K,  14% used [0x13bd0000, 0x13d7ef18, 0x13d7f000, 0x147d0000)
GC Heap History (10 events):
Event: 279.587 GC heap before
{Heap before GC invocations=204 (full 0):
 def new generation   total 4928K, used 4428K [0x03bd0000, 0x04120000, 0x09120000)
  eden space 4416K, 100% used [0x03bd0000, 0x04020000, 0x04020000)
  from space 512K,   2% used [0x04020000, 0x04023190, 0x040a0000)
  to   space 512K,   0% used [0x040a0000, 0x040a0000, 0x04120000)
 tenured generation   total 10944K, used 541K [0x09120000, 0x09bd0000, 0x13bd0000)
   the space 10944K,   4% used [0x09120000, 0x091a7620, 0x091a7800, 0x09bd0000)
 compacting perm gen  total 12288K, used 1723K [0x13bd0000, 0x147d0000, 0x17bd0000)
   the space 12288K,  14% used [0x13bd0000, 0x13d7ef18, 0x13d7f000, 0x147d0000)
No shared spaces configured.
Event: 279.588 GC heap after
Heap after GC invocations=205 (full 0):
 def new generation   total 4928K, used 12K [0x03bd0000, 0x04120000, 0x09120000)
  eden space 4416K,   0% used [0x03bd0000, 0x03bd0000, 0x04020000)
  from space 512K,   2% used [0x040a0000, 0x040a31b0, 0x04120000)
  to   space 512K,   0% used [0x04020000, 0x04020000, 0x040a0000)
 tenured generation   total 10944K, used 542K [0x09120000, 0x09bd0000, 0x13bd0000)
   the space 10944K,   4% used [0x09120000, 0x091a7950, 0x091a7a00, 0x09bd0000)
 compacting perm gen  total 12288K, used 1723K [0x13bd0000, 0x147d0000, 0x17bd0000)
   the space 12288K,  14% used [0x13bd0000, 0x13d7ef18, 0x13d7f000, 0x147d0000)
No shared spaces configured.
}
Event: 279.593 GC heap before
{Heap before GC invocations=205 (full 0):
 def new generation   total 4928K, used 4428K [0x03bd0000, 0x04120000, 0x09120000)
  eden space 4416K, 100% used [0x03bd0000, 0x04020000, 0x04020000)
  from space 512K,   2% used [0x040a0000, 0x040a31b0, 0x04120000)
  to   space 512K,   0% used [0x04020000, 0x04020000, 0x040a0000)
 tenured generation   total 10944K, used 542K [0x09120000, 0x09bd0000, 0x13bd0000)
   the space 10944K,   4% used [0x09120000, 0x091a7950, 0x091a7a00, 0x09bd0000)
 compacting perm gen  total 12288K, used 1723K [0x13bd0000, 0x147d0000, 0x17bd0000)
   the space 12288K,  14% used [0x13bd0000, 0x13d7ef18, 0x13d7f000, 0x147d0000)
No shared spaces configured.
Event: 279.594 GC heap after
Heap after GC invocations=206 (full 0):
 def new generation   total 4928K, used 12K [0x03bd0000, 0x04120000, 0x09120000)
  eden space 4416K,   0% used [0x03bd0000, 0x03bd0000, 0x04020000)
  from space 512K,   2% used [0x04020000, 0x04023188, 0x040a0000)
  to   space 512K,   0% used [0x040a0000, 0x040a0000, 0x04120000)
 tenured generation   total 10944K, used 543K [0x09120000, 0x09bd0000, 0x13bd0000)
   the space 10944K,   4% used [0x09120000, 0x091a7cb0, 0x091a7e00, 0x09bd0000)
 compacting perm gen  total 12288K, used 1723K [0x13bd0000, 0x147d0000, 0x17bd0000)
   the space 12288K,  14% used [0x13bd0000, 0x13d7ef18, 0x13d7f000, 0x147d0000)
No shared spaces configured.
}
Event: 279.600 GC heap before
{Heap before GC invocations=206 (full 0):
 def new generation   total 4928K, used 4428K [0x03bd0000, 0x04120000, 0x09120000)
  eden space 4416K, 100% used [0x03bd0000, 0x04020000, 0x04020000)
  from space 512K,   2% used [0x04020000, 0x04023188, 0x040a0000)
  to   space 512K,   0% used [0x040a0000, 0x040a0000, 0x04120000)
 tenured generation   total 10944K, used 543K [0x09120000, 0x09bd0000, 0x13bd0000)
   the space 10944K,   4% used [0x09120000, 0x091a7cb0, 0x091a7e00, 0x09bd0000)
 compacting perm gen  total 12288K, used 1723K [0x13bd0000, 0x147d0000, 0x17bd0000)
   the space 12288K,  14% used [0x13bd0000, 0x13d7ef18, 0x13d7f000, 0x147d0000)
No shared spaces configured.
Event: 279.600 GC heap after
Heap after GC invocations=207 (full 0):
 def new generation   total 4928K, used 12K [0x03bd0000, 0x04120000, 0x09120000)
  eden space 4416K,   0% used [0x03bd0000, 0x03bd0000, 0x04020000)
  from space 512K,   2% used [0x040a0000, 0x040a31e0, 0x04120000)
  to   space 512K,   0% used [0x04020000, 0x04020000, 0x040a0000)
 tenured generation   total 10944K, used 543K [0x09120000, 0x09bd0000, 0x13bd0000)
   the space 10944K,   4% used [0x09120000, 0x091a7fe0, 0x091a8000, 0x09bd0000)
 compacting perm gen  total 12288K, used 1723K [0x13bd0000, 0x147d0000, 0x17bd0000)
   the space 12288K,  14% used [0x13bd0000, 0x13d7ef18, 0x13d7f000, 0x147d0000)
No shared spaces configured.
}
Event: 279.606 GC heap before
{Heap before GC invocations=207 (full 0):
 def new generation   total 4928K, used 4428K [0x03bd0000, 0x04120000, 0x09120000)
  eden space 4416K, 100% used [0x03bd0000, 0x04020000, 0x04020000)
  from space 512K,   2% used [0x040a0000, 0x040a31e0, 0x04120000)
  to   space 512K,   0% used [0x04020000, 0x04020000, 0x040a0000)
 tenured generation   total 10944K, used 543K [0x09120000, 0x09bd0000, 0x13bd0000)
   the space 10944K,   4% used [0x09120000, 0x091a7fe0, 0x091a8000, 0x09bd0000)
 compacting perm gen  total 12288K, used 1723K [0x13bd0000, 0x147d0000, 0x17bd0000)
   the space 12288K,  14% used [0x13bd0000, 0x13d7ef18, 0x13d7f000, 0x147d0000)
No shared spaces configured.
Event: 279.607 GC heap after
Heap after GC invocations=208 (full 0):
 def new generation   total 4928K, used 12K [0x03bd0000, 0x04120000, 0x09120000)
  eden space 4416K,   0% used [0x03bd0000, 0x03bd0000, 0x04020000)
  from space 512K,   2% used [0x04020000, 0x04023148, 0x040a0000)
  to   space 512K,   0% used [0x040a0000, 0x040a0000, 0x04120000)
 tenured generation   total 10944K, used 544K [0x09120000, 0x09bd0000, 0x13bd0000)
   the space 10944K,   4% used [0x09120000, 0x091a8340, 0x091a8400, 0x09bd0000)
 compacting perm gen  total 12288K, used 1723K [0x13bd0000, 0x147d0000, 0x17bd0000)
   the space 12288K,  14% used [0x13bd0000, 0x13d7ef18, 0x13d7f000, 0x147d0000)
No shared spaces configured.
}
Event: 279.612 GC heap before
{Heap before GC invocations=208 (full 0):
 def new generation   total 4928K, used 4428K [0x03bd0000, 0x04120000, 0x09120000)
  eden space 4416K, 100% used [0x03bd0000, 0x04020000, 0x04020000)
  from space 512K,   2% used [0x04020000, 0x04023148, 0x040a0000)
  to   space 512K,   0% used [0x040a0000, 0x040a0000, 0x04120000)
 tenured generation   total 10944K, used 544K [0x09120000, 0x09bd0000, 0x13bd0000)
   the space 10944K,   4% used [0x09120000, 0x091a8340, 0x091a8400, 0x09bd0000)
 compacting perm gen  total 12288K, used 1723K [0x13bd0000, 0x147d0000, 0x17bd0000)
   the space 12288K,  14% used [0x13bd0000, 0x13d7ef18, 0x13d7f000, 0x147d0000)
No shared spaces configured.
Event: 279.613 GC heap after
Heap after GC invocations=209 (full 0):
 def new generation   total 4928K, used 12K [0x03bd0000, 0x04120000, 0x09120000)
  eden space 4416K,   0% used [0x03bd0000, 0x03bd0000, 0x04020000)
  from space 512K,   2% used [0x040a0000, 0x040a31c0, 0x04120000)
  to   space 512K,   0% used [0x04020000, 0x04020000, 0x040a0000)
 tenured generation   total 10944K, used 545K [0x09120000, 0x09bd0000, 0x13bd0000)
   the space 10944K,   4% used [0x09120000, 0x091a8670, 0x091a8800, 0x09bd0000)
 compacting perm gen  total 12288K, used 1723K [0x13bd0000, 0x147d0000, 0x17bd0000)
   the space 12288K,  14% used [0x13bd0000, 0x13d7ef18, 0x13d7f000, 0x147d0000)
No shared spaces configured.
}

