# JRE version: Java(TM) SE Runtime Environment (7.0_45-b18) (build 1.7.0_45-b18)
# Java VM: Java HotSpot(TM) Client VM (24.45-b08 mixed mode windows-x86 )
Heap
 def new generation   total 4928K, used 107K [0x03c50000, 0x041a0000, 0x091a0000)
  eden space 4416K,   2% used [0x03c50000, 0x03c67d50, 0x040a0000)
  from space 512K,   2% used [0x040a0000, 0x040a3150, 0x04120000)
  to   space 512K,   0% used [0x04120000, 0x04120000, 0x041a0000)
 tenured generation   total 10944K, used 522K [0x091a0000, 0x09c50000, 0x13c50000)
   the space 10944K,   4% used [0x091a0000, 0x092229b8, 0x09222a00, 0x09c50000)
 compacting perm gen  total 12288K, used 1719K [0x13c50000, 0x14850000, 0x17c50000)
   the space 12288K,  13% used [0x13c50000, 0x13dfdc60, 0x13dfde00, 0x14850000)
GC Heap History (10 events):
Event: 1.340 GC heap before
{Heap before GC invocations=205 (full 0):
 def new generation   total 4928K, used 4428K [0x03c50000, 0x041a0000, 0x091a0000)
  eden space 4416K, 100% used [0x03c50000, 0x040a0000, 0x040a0000)
  from space 512K,   2% used [0x04120000, 0x041231d8, 0x041a0000)
  to   space 512K,   0% used [0x040a0000, 0x040a0000, 0x04120000)
 tenured generation   total 10944K, used 518K [0x091a0000, 0x09c50000, 0x13c50000)
   the space 10944K,   4% used [0x091a0000, 0x09221968, 0x09221a00, 0x09c50000)
 compacting perm gen  total 12288K, used 1719K [0x13c50000, 0x14850000, 0x17c50000)
   the space 12288K,  13% used [0x13c50000, 0x13dfdc60, 0x13dfde00, 0x14850000)
No shared spaces configured.
Event: 1.340 GC heap after
Heap after GC invocations=206 (full 0):
 def new generation   total 4928K, used 15K [0x03c50000, 0x041a0000, 0x091a0000)
  eden space 4416K,   0% used [0x03c50000, 0x03c50000, 0x040a0000)
  from space 512K,   3% used [0x040a0000, 0x040a3f48, 0x04120000)
  to   space 512K,   0% used [0x04120000, 0x04120000, 0x041a0000)
 tenured generation   total 10944K, used 519K [0x091a0000, 0x09c50000, 0x13c50000)
   the space 10944K,   4% used [0x091a0000, 0x09221c98, 0x09221e00, 0x09c50000)
 compacting perm gen  total 12288K, used 1719K [0x13c50000, 0x14850000, 0x17c50000)
   the space 12288K,  13% used [0x13c50000, 0x13dfdc60, 0x13dfde00, 0x14850000)
No shared spaces configured.
}
Event: 1.346 GC heap before
{Heap before GC invocations=206 (full 0):
 def new generation   total 4928K, used 4431K [0x03c50000, 0x041a0000, 0x091a0000)
  eden space 4416K, 100% used [0x03c50000, 0x040a0000, 0x040a0000)
  from space 512K,   3% used [0x040a0000, 0x040a3f48, 0x04120000)
  to   space 512K,   0% used [0x04120000, 0x04120000, 0x041a0000)
 tenured generation   total 10944K, used 519K [0x091a0000, 0x09c50000, 0x13c50000)
   the space 10944K,   4% used [0x091a0000, 0x09221c98, 0x09221e00, 0x09c50000)
 compacting perm gen  total 12288K, used 1719K [0x13c50000, 0x14850000, 0x17c50000)
   the space 12288K,  13% used [0x13c50000, 0x13dfdc60, 0x13dfde00, 0x14850000)
No shared spaces configured.
Event: 1.346 GC heap after
Heap after GC invocations=207 (full 0):
 def new generation   total 4928K, used 12K [0x03c50000, 0x041a0000, 0x091a0000)
  eden space 4416K,   0% used [0x03c50000, 0x03c50000, 0x040a0000)
  from space 512K,   2% used [0x04120000, 0x041231e8, 0x041a0000)
  to   space 512K,   0% used [0x040a0000, 0x040a0000, 0x04120000)
 tenured generation   total 10944K, used 519K [0x091a0000, 0x09c50000, 0x13c50000)
   the space 10944K,   4% used [0x091a0000, 0x09221ff8, 0x09222000, 0x09c50000)
 compacting perm gen  total 12288K, used 1719K [0x13c50000, 0x14850000, 0x17c50000)
   the space 12288K,  13% used [0x13c50000, 0x13dfdc60, 0x13dfde00, 0x14850000)
No shared spaces configured.
}
Event: 1.352 GC heap before
{Heap before GC invocations=207 (full 0):
 def new generation   total 4928K, used 4428K [0x03c50000, 0x041a0000, 0x091a0000)
  eden space 4416K, 100% used [0x03c50000, 0x040a0000, 0x040a0000)
  from space 512K,   2% used [0x04120000, 0x041231e8, 0x041a0000)
  to   space 512K,   0% used [0x040a0000, 0x040a0000, 0x04120000)
 tenured generation   total 10944K, used 519K [0x091a0000, 0x09c50000, 0x13c50000)
   the space 10944K,   4% used [0x091a0000, 0x09221ff8, 0x09222000, 0x09c50000)
 compacting perm gen  total 12288K, used 1719K [0x13c50000, 0x14850000, 0x17c50000)
   the space 12288K,  13% used [0x13c50000, 0x13dfdc60, 0x13dfde00, 0x14850000)
No shared spaces configured.
Event: 1.353 GC heap after
Heap after GC invocations=208 (full 0):
 def new generation   total 4928K, used 15K [0x03c50000, 0x041a0000, 0x091a0000)
  eden space 4416K,   0% used [0x03c50000, 0x03c50000, 0x040a0000)
  from space 512K,   3% used [0x040a0000, 0x040a3e10, 0x04120000)
  to   space 512K,   0% used [0x04120000, 0x04120000, 0x041a0000)
 tenured generation   total 10944K, used 520K [0x091a0000, 0x09c50000, 0x13c50000)
   the space 10944K,   4% used [0x091a0000, 0x09222328, 0x09222400, 0x09c50000)
 compacting perm gen  total 12288K, used 1719K [0x13c50000, 0x14850000, 0x17c50000)
   the space 12288K,  13% used [0x13c50000, 0x13dfdc60, 0x13dfde00, 0x14850000)
No shared spaces configured.
}
Event: 1.358 GC heap before
{Heap before GC invocations=208 (full 0):
 def new generation   total 4928K, used 4431K [0x03c50000, 0x041a0000, 0x091a0000)
  eden space 4416K, 100% used [0x03c50000, 0x040a0000, 0x040a0000)
  from space 512K,   3% used [0x040a0000, 0x040a3e10, 0x04120000)
  to   space 512K,   0% used [0x04120000, 0x04120000, 0x041a0000)
 tenured generation   total 10944K, used 520K [0x091a0000, 0x09c50000, 0x13c50000)
   the space 10944K,   4% used [0x091a0000, 0x09222328, 0x09222400, 0x09c50000)
 compacting perm gen  total 12288K, used 1719K [0x13c50000, 0x14850000, 0x17c50000)
   the space 12288K,  13% used [0x13c50000, 0x13dfdc60, 0x13dfde00, 0x14850000)
No shared spaces configured.
Event: 1.359 GC heap after
Heap after GC invocations=209 (full 0):
 def new generation   total 4928K, used 12K [0x03c50000, 0x041a0000, 0x091a0000)
  eden space 4416K,   0% used [0x03c50000, 0x03c50000, 0x040a0000)
  from space 512K,   2% used [0x04120000, 0x041231b8, 0x041a0000)
  to   space 512K,   0% used [0x040a0000, 0x040a0000, 0x04120000)
 tenured generation   total 10944K, used 521K [0x091a0000, 0x09c50000, 0x13c50000)
   the space 10944K,   4% used [0x091a0000, 0x09222688, 0x09222800, 0x09c50000)
 compacting perm gen  total 12288K, used 1719K [0x13c50000, 0x14850000, 0x17c50000)
   the space 12288K,  13% used [0x13c50000, 0x13dfdc60, 0x13dfde00, 0x14850000)
No shared spaces configured.
}
Event: 1.364 GC heap before
{Heap before GC invocations=209 (full 0):
 def new generation   total 4928K, used 4428K [0x03c50000, 0x041a0000, 0x091a0000)
  eden space 4416K, 100% used [0x03c50000, 0x040a0000, 0x040a0000)
  from space 512K,   2% used [0x04120000, 0x041231b8, 0x041a0000)
  to   space 512K,   0% used [0x040a0000, 0x040a0000, 0x04120000)
 tenured generation   total 10944K, used 521K [0x091a0000, 0x09c50000, 0x13c50000)
   the space 10944K,   4% used [0x091a0000, 0x09222688, 0x09222800, 0x09c50000)
 compacting perm gen  total 12288K, used 1719K [0x13c50000, 0x14850000, 0x17c50000)
   the space 12288K,  13% used [0x13c50000, 0x13dfdc60, 0x13dfde00, 0x14850000)
No shared spaces configured.
Event: 1.365 GC heap after
Heap after GC invocations=210 (full 0):
 def new generation   total 4928K, used 12K [0x03c50000, 0x041a0000, 0x091a0000)
  eden space 4416K,   0% used [0x03c50000, 0x03c50000, 0x040a0000)
  from space 512K,   2% used [0x040a0000, 0x040a3150, 0x04120000)
  to   space 512K,   0% used [0x04120000, 0x04120000, 0x041a0000)
 tenured generation   total 10944K, used 522K [0x091a0000, 0x09c50000, 0x13c50000)
   the space 10944K,   4% used [0x091a0000, 0x092229b8, 0x09222a00, 0x09c50000)
 compacting perm gen  total 12288K, used 1719K [0x13c50000, 0x14850000, 0x17c50000)
   the space 12288K,  13% used [0x13c50000, 0x13dfdc60, 0x13dfde00, 0x14850000)
No shared spaces configured.
}

