# JRE version: Java(TM) SE Runtime Environment (7.0_45-b18) (build 1.7.0_45-b18)
# Java VM: Java HotSpot(TM) Client VM (24.45-b08 mixed mode windows-x86 )
Heap
 def new generation   total 4928K, used 4366K [0x03b70000, 0x040c0000, 0x090c0000)
  eden space 4416K,  98% used [0x03b70000, 0x03fb0720, 0x03fc0000)
  from space 512K,   2% used [0x04040000, 0x04043120, 0x040c0000)
  to   space 512K,   0% used [0x03fc0000, 0x03fc0000, 0x04040000)
 tenured generation   total 10944K, used 521K [0x090c0000, 0x09b70000, 0x13b70000)
   the space 10944K,   4% used [0x090c0000, 0x09142688, 0x09142800, 0x09b70000)
 compacting perm gen  total 12288K, used 1719K [0x13b70000, 0x14770000, 0x17b70000)
   the space 12288K,  13% used [0x13b70000, 0x13d1dc60, 0x13d1de00, 0x14770000)
GC Heap History (10 events):
Event: 11.166 GC heap before
{Heap before GC invocations=204 (full 0):
 def new generation   total 4928K, used 4428K [0x03b70000, 0x040c0000, 0x090c0000)
  eden space 4416K, 100% used [0x03b70000, 0x03fc0000, 0x03fc0000)
  from space 512K,   2% used [0x03fc0000, 0x03fc31d0, 0x04040000)
  to   space 512K,   0% used [0x04040000, 0x04040000, 0x040c0000)
 tenured generation   total 10944K, used 517K [0x090c0000, 0x09b70000, 0x13b70000)
   the space 10944K,   4% used [0x090c0000, 0x09141638, 0x09141800, 0x09b70000)
 compacting perm gen  total 12288K, used 1719K [0x13b70000, 0x14770000, 0x17b70000)
   the space 12288K,  13% used [0x13b70000, 0x13d1dc60, 0x13d1de00, 0x14770000)
No shared spaces configured.
Event: 11.167 GC heap after
Heap after GC invocations=205 (full 0):
 def new generation   total 4928K, used 12K [0x03b70000, 0x040c0000, 0x090c0000)
  eden space 4416K,   0% used [0x03b70000, 0x03b70000, 0x03fc0000)
  from space 512K,   2% used [0x04040000, 0x04043150, 0x040c0000)
  to   space 512K,   0% used [0x03fc0000, 0x03fc0000, 0x04040000)
 tenured generation   total 10944K, used 518K [0x090c0000, 0x09b70000, 0x13b70000)
   the space 10944K,   4% used [0x090c0000, 0x09141968, 0x09141a00, 0x09b70000)
 compacting perm gen  total 12288K, used 1719K [0x13b70000, 0x14770000, 0x17b70000)
   the space 12288K,  13% used [0x13b70000, 0x13d1dc60, 0x13d1de00, 0x14770000)
No shared spaces configured.
}
Event: 11.172 GC heap before
{Heap before GC invocations=205 (full 0):
 def new generation   total 4928K, used 4428K [0x03b70000, 0x040c0000, 0x090c0000)
  eden space 4416K, 100% used [0x03b70000, 0x03fc0000, 0x03fc0000)
  from space 512K,   2% used [0x04040000, 0x04043150, 0x040c0000)
  to   space 512K,   0% used [0x03fc0000, 0x03fc0000, 0x04040000)
 tenured generation   total 10944K, used 518K [0x090c0000, 0x09b70000, 0x13b70000)
   the space 10944K,   4% used [0x090c0000, 0x09141968, 0x09141a00, 0x09b70000)
 compacting perm gen  total 12288K, used 1719K [0x13b70000, 0x14770000, 0x17b70000)
   the space 12288K,  13% used [0x13b70000, 0x13d1dc60, 0x13d1de00, 0x14770000)
No shared spaces configured.
Event: 11.173 GC heap after
Heap after GC invocations=206 (full 0):
 def new generation   total 4928K, used 12K [0x03b70000, 0x040c0000, 0x090c0000)
  eden space 4416K,   0% used [0x03b70000, 0x03b70000, 0x03fc0000)
  from space 512K,   2% used [0x03fc0000, 0x03fc31e8, 0x04040000)
  to   space 512K,   0% used [0x04040000, 0x04040000, 0x040c0000)
 tenured generation   total 10944K, used 519K [0x090c0000, 0x09b70000, 0x13b70000)
   the space 10944K,   4% used [0x090c0000, 0x09141cc8, 0x09141e00, 0x09b70000)
 compacting perm gen  total 12288K, used 1719K [0x13b70000, 0x14770000, 0x17b70000)
   the space 12288K,  13% used [0x13b70000, 0x13d1dc60, 0x13d1de00, 0x14770000)
No shared spaces configured.
}
Event: 11.178 GC heap before
{Heap before GC invocations=206 (full 0):
 def new generation   total 4928K, used 4428K [0x03b70000, 0x040c0000, 0x090c0000)
  eden space 4416K, 100% used [0x03b70000, 0x03fc0000, 0x03fc0000)
  from space 512K,   2% used [0x03fc0000, 0x03fc31e8, 0x04040000)
  to   space 512K,   0% used [0x04040000, 0x04040000, 0x040c0000)
 tenured generation   total 10944K, used 519K [0x090c0000, 0x09b70000, 0x13b70000)
   the space 10944K,   4% used [0x090c0000, 0x09141cc8, 0x09141e00, 0x09b70000)
 compacting perm gen  total 12288K, used 1719K [0x13b70000, 0x14770000, 0x17b70000)
   the space 12288K,  13% used [0x13b70000, 0x13d1dc60, 0x13d1de00, 0x14770000)
No shared spaces configured.
Event: 11.179 GC heap after
Heap after GC invocations=207 (full 0):
 def new generation   total 4928K, used 12K [0x03b70000, 0x040c0000, 0x090c0000)
  eden space 4416K,   0% used [0x03b70000, 0x03b70000, 0x03fc0000)
  from space 512K,   2% used [0x04040000, 0x04043190, 0x040c0000)
  to   space 512K,   0% used [0x03fc0000, 0x03fc0000, 0x04040000)
 tenured generation   total 10944K, used 519K [0x090c0000, 0x09b70000, 0x13b70000)
   the space 10944K,   4% used [0x090c0000, 0x09141ff8, 0x09142000, 0x09b70000)
 compacting perm gen  total 12288K, used 1719K [0x13b70000, 0x14770000, 0x17b70000)
   the space 12288K,  13% used [0x13b70000, 0x13d1dc60, 0x13d1de00, 0x14770000)
No shared spaces configured.
}
Event: 11.184 GC heap before
{Heap before GC invocations=207 (full 0):
 def new generation   total 4928K, used 4428K [0x03b70000, 0x040c0000, 0x090c0000)
  eden space 4416K, 100% used [0x03b70000, 0x03fc0000, 0x03fc0000)
  from space 512K,   2% used [0x04040000, 0x04043190, 0x040c0000)
  to   space 512K,   0% used [0x03fc0000, 0x03fc0000, 0x04040000)
 tenured generation   total 10944K, used 519K [0x090c0000, 0x09b70000, 0x13b70000)
   the space 10944K,   4% used [0x090c0000, 0x09141ff8, 0x09142000, 0x09b70000)
 compacting perm gen  total 12288K, used 1719K [0x13b70000, 0x14770000, 0x17b70000)
   the space 12288K,  13% used [0x13b70000, 0x13d1dc60, 0x13d1de00, 0x14770000)
No shared spaces configured.
Event: 11.185 GC heap after
Heap after GC invocations=208 (full 0):
 def new generation   total 4928K, used 12K [0x03b70000, 0x040c0000, 0x090c0000)
  eden space 4416K,   0% used [0x03b70000, 0x03b70000, 0x03fc0000)
  from space 512K,   2% used [0x03fc0000, 0x03fc31e0, 0x04040000)
  to   space 512K,   0% used [0x04040000, 0x04040000, 0x040c0000)
 tenured generation   total 10944K, used 520K [0x090c0000, 0x09b70000, 0x13b70000)
   the space 10944K,   4% used [0x090c0000, 0x09142358, 0x09142400, 0x09b70000)
 compacting perm gen  total 12288K, used 1719K [0x13b70000, 0x14770000, 0x17b70000)
   the space 12288K,  13% used [0x13b70000, 0x13d1dc60, 0x13d1de00, 0x14770000)
No shared spaces configured.
}
Event: 11.191 GC heap before
{Heap before GC invocations=208 (full 0):
 def new generation   total 4928K, used 4428K [0x03b70000, 0x040c0000, 0x090c0000)
  eden space 4416K, 100% used [0x03b70000, 0x03fc0000, 0x03fc0000)
  from space 512K,   2% used [0x03fc0000, 0x03fc31e0, 0x04040000)
  to   space 512K,   0% used [0x04040000, 0x04040000, 0x040c0000)
 tenured generation   total 10944K, used 520K [0x090c0000, 0x09b70000, 0x13b70000)
   the space 10944K,   4% used [0x090c0000, 0x09142358, 0x09142400, 0x09b70000)
 compacting perm gen  total 12288K, used 1719K [0x13b70000, 0x14770000, 0x17b70000)
   the space 12288K,  13% used [0x13b70000, 0x13d1dc60, 0x13d1de00, 0x14770000)
No shared spaces configured.
Event: 11.191 GC heap after
Heap after GC invocations=209 (full 0):
 def new generation   total 4928K, used 12K [0x03b70000, 0x040c0000, 0x090c0000)
  eden space 4416K,   0% used [0x03b70000, 0x03b70000, 0x03fc0000)
  from space 512K,   2% used [0x04040000, 0x04043120, 0x040c0000)
  to   space 512K,   0% used [0x03fc0000, 0x03fc0000, 0x04040000)
 tenured generation   total 10944K, used 521K [0x090c0000, 0x09b70000, 0x13b70000)
   the space 10944K,   4% used [0x090c0000, 0x09142688, 0x09142800, 0x09b70000)
 compacting perm gen  total 12288K, used 1719K [0x13b70000, 0x14770000, 0x17b70000)
   the space 12288K,  13% used [0x13b70000, 0x13d1dc60, 0x13d1de00, 0x14770000)
No shared spaces configured.
}

