# JRE version: Java(TM) SE Runtime Environment (7.0_45-b18) (build 1.7.0_45-b18)
# Java VM: Java HotSpot(TM) Client VM (24.45-b08 mixed mode windows-x86 )
Heap
 def new generation   total 4928K, used 1408K [0x03c60000, 0x041b0000, 0x091b0000)
  eden space 4416K,  31% used [0x03c60000, 0x03dbcec8, 0x040b0000)
  from space 512K,   2% used [0x04130000, 0x04133180, 0x041b0000)
  to   space 512K,   0% used [0x040b0000, 0x040b0000, 0x04130000)
 tenured generation   total 10944K, used 522K [0x091b0000, 0x09c60000, 0x13c60000)
   the space 10944K,   4% used [0x091b0000, 0x092328d8, 0x09232a00, 0x09c60000)
 compacting perm gen  total 12288K, used 1723K [0x13c60000, 0x14860000, 0x17c60000)
   the space 12288K,  14% used [0x13c60000, 0x13e0ef18, 0x13e0f000, 0x14860000)
GC Heap History (10 events):
Event: 38.329 GC heap before
{Heap before GC invocations=204 (full 0):
 def new generation   total 4928K, used 4428K [0x03c60000, 0x041b0000, 0x091b0000)
  eden space 4416K, 100% used [0x03c60000, 0x040b0000, 0x040b0000)
  from space 512K,   2% used [0x040b0000, 0x040b3188, 0x04130000)
  to   space 512K,   0% used [0x04130000, 0x04130000, 0x041b0000)
 tenured generation   total 10944K, used 518K [0x091b0000, 0x09c60000, 0x13c60000)
   the space 10944K,   4% used [0x091b0000, 0x09231858, 0x09231a00, 0x09c60000)
 compacting perm gen  total 12288K, used 1723K [0x13c60000, 0x14860000, 0x17c60000)
   the space 12288K,  14% used [0x13c60000, 0x13e0ef18, 0x13e0f000, 0x14860000)
No shared spaces configured.
Event: 38.330 GC heap after
Heap after GC invocations=205 (full 0):
 def new generation   total 4928K, used 12K [0x03c60000, 0x041b0000, 0x091b0000)
  eden space 4416K,   0% used [0x03c60000, 0x03c60000, 0x040b0000)
  from space 512K,   2% used [0x04130000, 0x041331b0, 0x041b0000)
  to   space 512K,   0% used [0x040b0000, 0x040b0000, 0x04130000)
 tenured generation   total 10944K, used 518K [0x091b0000, 0x09c60000, 0x13c60000)
   the space 10944K,   4% used [0x091b0000, 0x09231bb8, 0x09231c00, 0x09c60000)
 compacting perm gen  total 12288K, used 1723K [0x13c60000, 0x14860000, 0x17c60000)
   the space 12288K,  14% used [0x13c60000, 0x13e0ef18, 0x13e0f000, 0x14860000)
No shared spaces configured.
}
Event: 38.335 GC heap before
{Heap before GC invocations=205 (full 0):
 def new generation   total 4928K, used 4428K [0x03c60000, 0x041b0000, 0x091b0000)
  eden space 4416K, 100% used [0x03c60000, 0x040b0000, 0x040b0000)
  from space 512K,   2% used [0x04130000, 0x041331b0, 0x041b0000)
  to   space 512K,   0% used [0x040b0000, 0x040b0000, 0x04130000)
 tenured generation   total 10944K, used 518K [0x091b0000, 0x09c60000, 0x13c60000)
   the space 10944K,   4% used [0x091b0000, 0x09231bb8, 0x09231c00, 0x09c60000)
 compacting perm gen  total 12288K, used 1723K [0x13c60000, 0x14860000, 0x17c60000)
   the space 12288K,  14% used [0x13c60000, 0x13e0ef18, 0x13e0f000, 0x14860000)
No shared spaces configured.
Event: 38.336 GC heap after
Heap after GC invocations=206 (full 0):
 def new generation   total 4928K, used 12K [0x03c60000, 0x041b0000, 0x091b0000)
  eden space 4416K,   0% used [0x03c60000, 0x03c60000, 0x040b0000)
  from space 512K,   2% used [0x040b0000, 0x040b3178, 0x04130000)
  to   space 512K,   0% used [0x04130000, 0x04130000, 0x041b0000)
 tenured generation   total 10944K, used 519K [0x091b0000, 0x09c60000, 0x13c60000)
   the space 10944K,   4% used [0x091b0000, 0x09231ee8, 0x09232000, 0x09c60000)
 compacting perm gen  total 12288K, used 1723K [0x13c60000, 0x14860000, 0x17c60000)
   the space 12288K,  14% used [0x13c60000, 0x13e0ef18, 0x13e0f000, 0x14860000)
No shared spaces configured.
}
Event: 38.342 GC heap before
{Heap before GC invocations=206 (full 0):
 def new generation   total 4928K, used 4428K [0x03c60000, 0x041b0000, 0x091b0000)
  eden space 4416K, 100% used [0x03c60000, 0x040b0000, 0x040b0000)
  from space 512K,   2% used [0x040b0000, 0x040b3178, 0x04130000)
  to   space 512K,   0% used [0x04130000, 0x04130000, 0x041b0000)
 tenured generation   total 10944K, used 519K [0x091b0000, 0x09c60000, 0x13c60000)
   the space 10944K,   4% used [0x091b0000, 0x09231ee8, 0x09232000, 0x09c60000)
 compacting perm gen  total 12288K, used 1723K [0x13c60000, 0x14860000, 0x17c60000)
   the space 12288K,  14% used [0x13c60000, 0x13e0ef18, 0x13e0f000, 0x14860000)
No shared spaces configured.
Event: 38.342 GC heap after
Heap after GC invocations=207 (full 0):
 def new generation   total 4928K, used 12K [0x03c60000, 0x041b0000, 0x091b0000)
  eden space 4416K,   0% used [0x03c60000, 0x03c60000, 0x040b0000)
  from space 512K,   2% used [0x04130000, 0x041331c0, 0x041b0000)
  to   space 512K,   0% used [0x040b0000, 0x040b0000, 0x04130000)
 tenured generation   total 10944K, used 520K [0x091b0000, 0x09c60000, 0x13c60000)
   the space 10944K,   4% used [0x091b0000, 0x09232248, 0x09232400, 0x09c60000)
 compacting perm gen  total 12288K, used 1723K [0x13c60000, 0x14860000, 0x17c60000)
   the space 12288K,  14% used [0x13c60000, 0x13e0ef18, 0x13e0f000, 0x14860000)
No shared spaces configured.
}
Event: 38.348 GC heap before
{Heap before GC invocations=207 (full 0):
 def new generation   total 4928K, used 4428K [0x03c60000, 0x041b0000, 0x091b0000)
  eden space 4416K, 100% used [0x03c60000, 0x040b0000, 0x040b0000)
  from space 512K,   2% used [0x04130000, 0x041331c0, 0x041b0000)
  to   space 512K,   0% used [0x040b0000, 0x040b0000, 0x04130000)
 tenured generation   total 10944K, used 520K [0x091b0000, 0x09c60000, 0x13c60000)
   the space 10944K,   4% used [0x091b0000, 0x09232248, 0x09232400, 0x09c60000)
 compacting perm gen  total 12288K, used 1723K [0x13c60000, 0x14860000, 0x17c60000)
   the space 12288K,  14% used [0x13c60000, 0x13e0ef18, 0x13e0f000, 0x14860000)
No shared spaces configured.
Event: 38.349 GC heap after
Heap after GC invocations=208 (full 0):
 def new generation   total 4928K, used 12K [0x03c60000, 0x041b0000, 0x091b0000)
  eden space 4416K,   0% used [0x03c60000, 0x03c60000, 0x040b0000)
  from space 512K,   2% used [0x040b0000, 0x040b3230, 0x04130000)
  to   space 512K,   0% used [0x04130000, 0x04130000, 0x041b0000)
 tenured generation   total 10944K, used 521K [0x091b0000, 0x09c60000, 0x13c60000)
   the space 10944K,   4% used [0x091b0000, 0x09232578, 0x09232600, 0x09c60000)
 compacting perm gen  total 12288K, used 1723K [0x13c60000, 0x14860000, 0x17c60000)
   the space 12288K,  14% used [0x13c60000, 0x13e0ef18, 0x13e0f000, 0x14860000)
No shared spaces configured.
}
Event: 38.354 GC heap before
{Heap before GC invocations=208 (full 0):
 def new generation   total 4928K, used 4428K [0x03c60000, 0x041b0000, 0x091b0000)
  eden space 4416K, 100% used [0x03c60000, 0x040b0000, 0x040b0000)
  from space 512K,   2% used [0x040b0000, 0x040b3230, 0x04130000)
  to   space 512K,   0% used [0x04130000, 0x04130000, 0x041b0000)
 tenured generation   total 10944K, used 521K [0x091b0000, 0x09c60000, 0x13c60000)
   the space 10944K,   4% used [0x091b0000, 0x09232578, 0x09232600, 0x09c60000)
 compacting perm gen  total 12288K, used 1723K [0x13c60000, 0x14860000, 0x17c60000)
   the space 12288K,  14% used [0x13c60000, 0x13e0ef18, 0x13e0f000, 0x14860000)
No shared spaces configured.
Event: 38.355 GC heap after
Heap after GC invocations=209 (full 0):
 def new generation   total 4928K, used 12K [0x03c60000, 0x041b0000, 0x091b0000)
  eden space 4416K,   0% used [0x03c60000, 0x03c60000, 0x040b0000)
  from space 512K,   2% used [0x04130000, 0x04133180, 0x041b0000)
  to   space 512K,   0% used [0x040b0000, 0x040b0000, 0x04130000)
 tenured generation   total 10944K, used 522K [0x091b0000, 0x09c60000, 0x13c60000)
   the space 10944K,   4% used [0x091b0000, 0x092328d8, 0x09232a00, 0x09c60000)
 compacting perm gen  total 12288K, used 1723K [0x13c60000, 0x14860000, 0x17c60000)
   the space 12288K,  14% used [0x13c60000, 0x13e0ef18, 0x13e0f000, 0x14860000)
No shared spaces configured.
}

